


materialPath: D:\Steam\steamapps\common\Portal\portal\materials
Loading d:\steam\steamapps\sourcemods\collective\mapsrc\backgroundmap.vmf
Could not locate 'GameData' key in d:\steam\steamapps\common\portal\portal\gameinfo.txt
fixing up env_cubemap materials on brush sides...
0...1...2...3...4...5...6...7...8...9...100...1...2...3...4...5...6...7...8...9...10Processing areas...done (0)
Building Faces...done (0)
FixTjuncs...
PruneNodes...
WriteBSP...
done (0)
writing d:\steam\steamapps\sourcemods\collective\mapsrc\backgroundmap.prt...Building visibility clusters...
done (0)
Creating default LDR cubemaps for env_cubemap using skybox materials:
   skybox/sky_day01_01*.vmt
 ! Run buildcubemaps in the engine to get the correct cube maps.
Creating default HDR cubemaps for env_cubemap using skybox materials:
   skybox/sky_day01_01*.vmt
 ! Run buildcubemaps in the engine to get the correct cube maps.
Finding displacement neighbors...
Finding lightmap sample positions...
Displacement Alpha : 0...1...2...3...4...5...6...7...8...9...10
Building Physics collision data...
done (0) (3700 bytes)
Placing detail props : 0...1...2...3...4...5...6...7...8...9...10
Compacting texture/material tables...
Reduced 41 texinfos to 10
Reduced 8 texdatas to 7 (238 bytes to 188)
Writing d:\steam\steamapps\sourcemods\collective\mapsrc\backgroundmap.bsp
0 seconds elapsed



12 threads
reading d:\steam\steamapps\sourcemods\collective\mapsrc\backgroundmap.bsp
reading d:\steam\steamapps\sourcemods\collective\mapsrc\backgroundmap.prt
   6 portalclusters
   9 numportals
0...1...2...3...4...5...6...7...8...9...100...1...2...3...4...5...6...7...8...9...10Optimized: 0 visible clusters (0.00%)
Total clusters visible: 36
Average clusters visible: 6
Building PAS...
Average clusters audible: 6
visdatasize:64  compressed from 96
writing d:\steam\steamapps\sourcemods\collective\mapsrc\backgroundmap.bsp
0 seconds elapsed



[Reading texlights from 'lights.rad']
[53 texlights parsed from 'lights.rad']

Loading d:\steam\steamapps\sourcemods\collective\mapsrc\backgroundmap.bsp
22 faces
3026 square feet [435810.75 square inches]
0 Displacements
0 Square Feet [0.00 Square Inches]
22 patches before subdivision
738 patches after subdivision
1 direct lights
0...1...2...3...4...5...6...7...8...9...100...1...2...3...4...5...6...7...8...9...10transfers 26363, max 119
transfer lists:   0.2 megs
0...1...2...3...4...5...6...7...8...9...10	Bounce #1 added RGB(261, 56, 1)
0...1...2...3...4...5...6...7...8...9...10	Bounce #2 added RGB(43, 8, 0)
0...1...2...3...4...5...6...7...8...9...10	Bounce #3 added RGB(8, 1, 0)
0...1...2...3...4...5...6...7...8...9...10	Bounce #4 added RGB(1, 0, 0)
0...1...2...3...4...5...6...7...8...9...10	Bounce #5 added RGB(0, 0, 0)
Build Patch/Sample Hash Table(s).....Done<0.0001 sec>
0...1...2...3...4...5...6...7...8...9...10FinalLightFace Done
0 of 0 (0% of) surface lights went in leaf ambient cubes.
0...1...2...3...4...5...6...7...8...9...10Writing leaf ambient...done
Ready to Finish

Object names       Objects/Maxobjs  Memory / Maxmem  Fullness 
------------       ---------------  ---------------  -------- 
models                   1/1024           48/49152    ( 0.1%) 
brushes                 10/8192          120/98304    ( 0.1%) 
brushsides              61/65536         488/524288   ( 0.1%) 
planes                  54/65536        1080/1310720  ( 0.1%) 
vertexes                42/65536         504/786432   ( 0.1%) 
nodes                   34/65536        1088/2097152  ( 0.1%) 
texinfos                10/12288         720/884736   ( 0.1%) 
texdata                  7/2048          224/65536    ( 0.3%) 
dispinfos                0/0               0/0        ( 0.0%) 
disp_verts               0/0               0/0        ( 0.0%) 
disp_tris                0/0               0/0        ( 0.0%) 
disp_lmsamples           0/0               0/0        ( 0.0%) 
faces                   22/65536        1232/3670016  ( 0.0%) 
hdr faces                0/65536           0/3670016  ( 0.0%) 
origfaces               10/65536         560/3670016  ( 0.0%) 
leaves                  36/65536        1152/2097152  ( 0.1%) 
leaffaces               22/65536          44/131072   ( 0.0%) 
leafbrushes             23/65536          46/131072   ( 0.0%) 
areas                    2/256            16/2048     ( 0.8%) 
surfedges              133/512000        532/2048000  ( 0.0%) 
edges                   90/256000        360/1024000  ( 0.0%) 
LDR worldlights          1/8192           88/720896   ( 0.0%) 
HDR worldlights          0/8192            0/720896   ( 0.0%) 
leafwaterdata            0/32768           0/393216   ( 0.0%) 
waterstrips              0/32768           0/327680   ( 0.0%) 
waterverts               0/65536           0/786432   ( 0.0%) 
waterindices             0/65536           0/131072   ( 0.0%) 
cubemapsamples           0/1024            0/16384    ( 0.0%) 
overlays                 1/512           352/180224   ( 0.2%) 
LDR lightdata         [variable]       26720/0        ( 0.0%) 
HDR lightdata         [variable]           0/0        ( 0.0%) 
visdata               [variable]          64/16777216 ( 0.0%) 
entdata               [variable]        2764/393216   ( 0.7%) 
LDR ambient table       36/65536         144/262144   ( 0.1%) 
HDR ambient table       36/65536         144/262144   ( 0.1%) 
LDR leaf ambient        94/65536        2632/1835008  ( 0.1%) 
HDR leaf ambient        36/65536        1008/1835008  ( 0.1%) 
occluders                0/0               0/0        ( 0.0%) 
occluder polygons        0/0               0/0        ( 0.0%) 
occluder vert ind        0/0               0/0        ( 0.0%) 
detail props          [variable]           1/12       ( 8.3%) 
static props          [variable]           1/1716     ( 0.1%) 
pakfile               [variable]      211613/0        ( 0.0%) 
physics               [variable]        3700/4194304  ( 0.1%) 
physics terrain       [variable]           2/1048576  ( 0.0%) 

Level flags = 0

Total triangle count: 49
Writing d:\steam\steamapps\sourcemods\collective\mapsrc\backgroundmap.bsp
0 seconds elapsed



[Reading texlights from 'lights.rad']
[53 texlights parsed from 'lights.rad']

Loading d:\steam\steamapps\sourcemods\collective\mapsrc\backgroundmap.bsp
22 faces
3026 square feet [435810.75 square inches]
0 Displacements
0 Square Feet [0.00 Square Inches]
22 patches before subdivision
738 patches after subdivision
1 direct lights
0...1...2...3...4...5...6...7...8...9...100...1...2...3...4...5...6...7...8...9...10transfers 26363, max 119
transfer lists:   0.2 megs
0...1...2...3...4...5...6...7...8...9...10	Bounce #1 added RGB(261, 56, 1)
0...1...2...3...4...5...6...7...8...9...10	Bounce #2 added RGB(43, 8, 0)
0...1...2...3...4...5...6...7...8...9...10	Bounce #3 added RGB(8, 1, 0)
0...1...2...3...4...5...6...7...8...9...10	Bounce #4 added RGB(1, 0, 0)
0...1...2...3...4...5...6...7...8...9...10	Bounce #5 added RGB(0, 0, 0)
Build Patch/Sample Hash Table(s).....Done<0.0001 sec>
0...1...2...3...4...5...6...7...8...9...10FinalLightFace Done
0 of 0 (0% of) surface lights went in leaf ambient cubes.
0...1...2...3...4...5...6...7...8...9...10Writing leaf ambient...done
Ready to Finish

Object names       Objects/Maxobjs  Memory / Maxmem  Fullness 
------------       ---------------  ---------------  -------- 
models                   1/1024           48/49152    ( 0.1%) 
brushes                 10/8192          120/98304    ( 0.1%) 
brushsides              61/65536         488/524288   ( 0.1%) 
planes                  54/65536        1080/1310720  ( 0.1%) 
vertexes                42/65536         504/786432   ( 0.1%) 
nodes                   34/65536        1088/2097152  ( 0.1%) 
texinfos                10/12288         720/884736   ( 0.1%) 
texdata                  7/2048          224/65536    ( 0.3%) 
dispinfos                0/0               0/0        ( 0.0%) 
disp_verts               0/0               0/0        ( 0.0%) 
disp_tris                0/0               0/0        ( 0.0%) 
disp_lmsamples           0/0               0/0        ( 0.0%) 
faces                   22/65536        1232/3670016  ( 0.0%) 
hdr faces               22/65536        1232/3670016  ( 0.0%) 
origfaces               10/65536         560/3670016  ( 0.0%) 
leaves                  36/65536        1152/2097152  ( 0.1%) 
leaffaces               22/65536          44/131072   ( 0.0%) 
leafbrushes             23/65536          46/131072   ( 0.0%) 
areas                    2/256            16/2048     ( 0.8%) 
surfedges              133/512000        532/2048000  ( 0.0%) 
edges                   90/256000        360/1024000  ( 0.0%) 
LDR worldlights          1/8192           88/720896   ( 0.0%) 
HDR worldlights          1/8192           88/720896   ( 0.0%) 
leafwaterdata            0/32768           0/393216   ( 0.0%) 
waterstrips              0/32768           0/327680   ( 0.0%) 
waterverts               0/65536           0/786432   ( 0.0%) 
waterindices             0/65536           0/131072   ( 0.0%) 
cubemapsamples           0/1024            0/16384    ( 0.0%) 
overlays                 1/512           352/180224   ( 0.2%) 
LDR lightdata         [variable]       26720/0        ( 0.0%) 
HDR lightdata         [variable]       26720/0        ( 0.0%) 
visdata               [variable]          64/16777216 ( 0.0%) 
entdata               [variable]        2764/393216   ( 0.7%) 
LDR ambient table       36/65536         144/262144   ( 0.1%) 
HDR ambient table       36/65536         144/262144   ( 0.1%) 
LDR leaf ambient        94/65536        2632/1835008  ( 0.1%) 
HDR leaf ambient        94/65536        2632/1835008  ( 0.1%) 
occluders                0/0               0/0        ( 0.0%) 
occluder polygons        0/0               0/0        ( 0.0%) 
occluder vert ind        0/0               0/0        ( 0.0%) 
detail props          [variable]           1/12       ( 8.3%) 
static props          [variable]           1/1716     ( 0.1%) 
pakfile               [variable]      211613/0        ( 0.0%) 
physics               [variable]        3700/4194304  ( 0.1%) 
physics terrain       [variable]           2/1048576  ( 0.0%) 

Level flags = 0

Total triangle count: 49
Writing d:\steam\steamapps\sourcemods\collective\mapsrc\backgroundmap.bsp
0 seconds elapsed



materialPath: D:\Steam\steamapps\common\Portal\portal\materials
Loading d:\steam\steamapps\sourcemods\collective\mapsrc\backgroundmap.vmf
Could not locate 'GameData' key in d:\steam\steamapps\common\portal\portal\gameinfo.txt
fixing up env_cubemap materials on brush sides...
0...1...2...3...4...5...6...7...8...9...100...1...2...3...4...5...6...7...8...9...10Processing areas...done (0)
Building Faces...done (0)
FixTjuncs...
PruneNodes...
WriteBSP...
done (0)
writing d:\steam\steamapps\sourcemods\collective\mapsrc\backgroundmap.prt...Building visibility clusters...
done (0)
Creating default LDR cubemaps for env_cubemap using skybox materials:
   skybox/sky_day01_01*.vmt
 ! Run buildcubemaps in the engine to get the correct cube maps.
Creating default HDR cubemaps for env_cubemap using skybox materials:
   skybox/sky_day01_01*.vmt
 ! Run buildcubemaps in the engine to get the correct cube maps.
Finding displacement neighbors...
Finding lightmap sample positions...
Displacement Alpha : 0...1...2...3...4...5...6...7...8...9...10
Building Physics collision data...
done (0) (3700 bytes)
Placing detail props : 0...1...2...3...4...5...6...7...8...9...10
Compacting texture/material tables...
Reduced 41 texinfos to 10
Reduced 8 texdatas to 7 (238 bytes to 188)
Writing d:\steam\steamapps\sourcemods\collective\mapsrc\backgroundmap.bsp
0 seconds elapsed



12 threads
reading d:\steam\steamapps\sourcemods\collective\mapsrc\backgroundmap.bsp
reading d:\steam\steamapps\sourcemods\collective\mapsrc\backgroundmap.prt
   6 portalclusters
   9 numportals
0...1...2...3...4...5...6...7...8...9...100...1...2...3...4...5...6...7...8...9...10Optimized: 0 visible clusters (0.00%)
Total clusters visible: 36
Average clusters visible: 6
Building PAS...
Average clusters audible: 6
visdatasize:64  compressed from 96
writing d:\steam\steamapps\sourcemods\collective\mapsrc\backgroundmap.bsp
0 seconds elapsed



[Reading texlights from 'lights.rad']
[53 texlights parsed from 'lights.rad']

Loading d:\steam\steamapps\sourcemods\collective\mapsrc\backgroundmap.bsp
22 faces
3026 square feet [435810.75 square inches]
0 Displacements
0 Square Feet [0.00 Square Inches]
22 patches before subdivision
738 patches after subdivision
2 direct lights
0...1...2...3...4...5...6...7...8...9...100...1...2...3...4...5...6...7...8...9...10transfers 26363, max 119
transfer lists:   0.2 megs
0...1...2...3...4...5...6...7...8...9...10	Bounce #1 added RGB(2081, 443, 11)
0...1...2...3...4...5...6...7...8...9...10	Bounce #2 added RGB(327, 60, 1)
0...1...2...3...4...5...6...7...8...9...10	Bounce #3 added RGB(55, 9, 0)
0...1...2...3...4...5...6...7...8...9...10	Bounce #4 added RGB(9, 1, 0)
0...1...2...3...4...5...6...7...8...9...10	Bounce #5 added RGB(2, 0, 0)
0...1...2...3...4...5...6...7...8...9...10	Bounce #6 added RGB(0, 0, 0)
Build Patch/Sample Hash Table(s).....Done<0.0001 sec>
0...1...2...3...4...5...6...7...8...9...10FinalLightFace Done
0 of 0 (0% of) surface lights went in leaf ambient cubes.
0...1...2...3...4...5...6...7...8...9...10Writing leaf ambient...done
Ready to Finish

Object names       Objects/Maxobjs  Memory / Maxmem  Fullness 
------------       ---------------  ---------------  -------- 
models                   1/1024           48/49152    ( 0.1%) 
brushes                 10/8192          120/98304    ( 0.1%) 
brushsides              61/65536         488/524288   ( 0.1%) 
planes                  54/65536        1080/1310720  ( 0.1%) 
vertexes                42/65536         504/786432   ( 0.1%) 
nodes                   34/65536        1088/2097152  ( 0.1%) 
texinfos                10/12288         720/884736   ( 0.1%) 
texdata                  7/2048          224/65536    ( 0.3%) 
dispinfos                0/0               0/0        ( 0.0%) 
disp_verts               0/0               0/0        ( 0.0%) 
disp_tris                0/0               0/0        ( 0.0%) 
disp_lmsamples           0/0               0/0        ( 0.0%) 
faces                   22/65536        1232/3670016  ( 0.0%) 
hdr faces                0/65536           0/3670016  ( 0.0%) 
origfaces               10/65536         560/3670016  ( 0.0%) 
leaves                  36/65536        1152/2097152  ( 0.1%) 
leaffaces               22/65536          44/131072   ( 0.0%) 
leafbrushes             23/65536          46/131072   ( 0.0%) 
areas                    2/256            16/2048     ( 0.8%) 
surfedges              133/512000        532/2048000  ( 0.0%) 
edges                   90/256000        360/1024000  ( 0.0%) 
LDR worldlights          2/8192          176/720896   ( 0.0%) 
HDR worldlights          0/8192            0/720896   ( 0.0%) 
leafwaterdata            0/32768           0/393216   ( 0.0%) 
waterstrips              0/32768           0/327680   ( 0.0%) 
waterverts               0/65536           0/786432   ( 0.0%) 
waterindices             0/65536           0/131072   ( 0.0%) 
cubemapsamples           0/1024            0/16384    ( 0.0%) 
overlays                 1/512           352/180224   ( 0.2%) 
LDR lightdata         [variable]       26720/0        ( 0.0%) 
HDR lightdata         [variable]           0/0        ( 0.0%) 
visdata               [variable]          64/16777216 ( 0.0%) 
entdata               [variable]        3402/393216   ( 0.9%) 
LDR ambient table       36/65536         144/262144   ( 0.1%) 
HDR ambient table       36/65536         144/262144   ( 0.1%) 
LDR leaf ambient        96/65536        2688/1835008  ( 0.1%) 
HDR leaf ambient        36/65536        1008/1835008  ( 0.1%) 
occluders                0/0               0/0        ( 0.0%) 
occluder polygons        0/0               0/0        ( 0.0%) 
occluder vert ind        0/0               0/0        ( 0.0%) 
detail props          [variable]           1/12       ( 8.3%) 
static props          [variable]           1/1716     ( 0.1%) 
pakfile               [variable]      211613/0        ( 0.0%) 
physics               [variable]        3700/4194304  ( 0.1%) 
physics terrain       [variable]           2/1048576  ( 0.0%) 

Level flags = 0

Total triangle count: 49
Writing d:\steam\steamapps\sourcemods\collective\mapsrc\backgroundmap.bsp
0 seconds elapsed



[Reading texlights from 'lights.rad']
[53 texlights parsed from 'lights.rad']

Loading d:\steam\steamapps\sourcemods\collective\mapsrc\backgroundmap.bsp
22 faces
3026 square feet [435810.75 square inches]
0 Displacements
0 Square Feet [0.00 Square Inches]
22 patches before subdivision
738 patches after subdivision
2 direct lights
0...1...2...3...4...5...6...7...8...9...100...1...2...3...4...5...6...7...8...9...10transfers 26363, max 119
transfer lists:   0.2 megs
0...1...2...3...4...5...6...7...8...9...10	Bounce #1 added RGB(870, 186, 4)
0...1...2...3...4...5...6...7...8...9...10	Bounce #2 added RGB(138, 25, 1)
0...1...2...3...4...5...6...7...8...9...10	Bounce #3 added RGB(24, 4, 0)
0...1...2...3...4...5...6...7...8...9...10	Bounce #4 added RGB(4, 1, 0)
0...1...2...3...4...5...6...7...8...9...10	Bounce #5 added RGB(1, 0, 0)
Build Patch/Sample Hash Table(s).....Done<0.0001 sec>
0...1...2...3...4...5...6...7...8...9...10FinalLightFace Done
0 of 0 (0% of) surface lights went in leaf ambient cubes.
0...1...2...3...4...5...6...7...8...9...10Writing leaf ambient...done
Ready to Finish

Object names       Objects/Maxobjs  Memory / Maxmem  Fullness 
------------       ---------------  ---------------  -------- 
models                   1/1024           48/49152    ( 0.1%) 
brushes                 10/8192          120/98304    ( 0.1%) 
brushsides              61/65536         488/524288   ( 0.1%) 
planes                  54/65536        1080/1310720  ( 0.1%) 
vertexes                42/65536         504/786432   ( 0.1%) 
nodes                   34/65536        1088/2097152  ( 0.1%) 
texinfos                10/12288         720/884736   ( 0.1%) 
texdata                  7/2048          224/65536    ( 0.3%) 
dispinfos                0/0               0/0        ( 0.0%) 
disp_verts               0/0               0/0        ( 0.0%) 
disp_tris                0/0               0/0        ( 0.0%) 
disp_lmsamples           0/0               0/0        ( 0.0%) 
faces                   22/65536        1232/3670016  ( 0.0%) 
hdr faces               22/65536        1232/3670016  ( 0.0%) 
origfaces               10/65536         560/3670016  ( 0.0%) 
leaves                  36/65536        1152/2097152  ( 0.1%) 
leaffaces               22/65536          44/131072   ( 0.0%) 
leafbrushes             23/65536          46/131072   ( 0.0%) 
areas                    2/256            16/2048     ( 0.8%) 
surfedges              133/512000        532/2048000  ( 0.0%) 
edges                   90/256000        360/1024000  ( 0.0%) 
LDR worldlights          2/8192          176/720896   ( 0.0%) 
HDR worldlights          2/8192          176/720896   ( 0.0%) 
leafwaterdata            0/32768           0/393216   ( 0.0%) 
waterstrips              0/32768           0/327680   ( 0.0%) 
waterverts               0/65536           0/786432   ( 0.0%) 
waterindices             0/65536           0/131072   ( 0.0%) 
cubemapsamples           0/1024            0/16384    ( 0.0%) 
overlays                 1/512           352/180224   ( 0.2%) 
LDR lightdata         [variable]       26720/0        ( 0.0%) 
HDR lightdata         [variable]       26720/0        ( 0.0%) 
visdata               [variable]          64/16777216 ( 0.0%) 
entdata               [variable]        3402/393216   ( 0.9%) 
LDR ambient table       36/65536         144/262144   ( 0.1%) 
HDR ambient table       36/65536         144/262144   ( 0.1%) 
LDR leaf ambient        96/65536        2688/1835008  ( 0.1%) 
HDR leaf ambient        96/65536        2688/1835008  ( 0.1%) 
occluders                0/0               0/0        ( 0.0%) 
occluder polygons        0/0               0/0        ( 0.0%) 
occluder vert ind        0/0               0/0        ( 0.0%) 
detail props          [variable]           1/12       ( 8.3%) 
static props          [variable]           1/1716     ( 0.1%) 
pakfile               [variable]      211613/0        ( 0.0%) 
physics               [variable]        3700/4194304  ( 0.1%) 
physics terrain       [variable]           2/1048576  ( 0.0%) 

Level flags = 0

Total triangle count: 49
Writing d:\steam\steamapps\sourcemods\collective\mapsrc\backgroundmap.bsp
0 seconds elapsed



materialPath: D:\Steam\steamapps\common\Portal\portal\materials
Loading d:\steam\steamapps\sourcemods\collective\mapsrc\backgroundmap.vmf
Could not locate 'GameData' key in d:\steam\steamapps\common\portal\portal\gameinfo.txt
fixing up env_cubemap materials on brush sides...
0...1...2...3...4...5...6...7...8...9...100...1...2...3...4...5...6...7...8...9...10Processing areas...done (0)
Building Faces...done (0)
FixTjuncs...
PruneNodes...
WriteBSP...
done (0)
writing d:\steam\steamapps\sourcemods\collective\mapsrc\backgroundmap.prt...Building visibility clusters...
done (0)
Creating default LDR cubemaps for env_cubemap using skybox materials:
   skybox/sky_day01_01*.vmt
 ! Run buildcubemaps in the engine to get the correct cube maps.
Creating default HDR cubemaps for env_cubemap using skybox materials:
   skybox/sky_day01_01*.vmt
 ! Run buildcubemaps in the engine to get the correct cube maps.
Finding displacement neighbors...
Finding lightmap sample positions...
Displacement Alpha : 0...1...2...3...4...5...6...7...8...9...10
Building Physics collision data...
done (0) (3700 bytes)
Placing detail props : 0...1...2...3...4...5...6...7...8...9...10
Compacting texture/material tables...
Reduced 41 texinfos to 10
Reduced 8 texdatas to 7 (238 bytes to 188)
Writing d:\steam\steamapps\sourcemods\collective\mapsrc\backgroundmap.bsp
0 seconds elapsed



12 threads
reading d:\steam\steamapps\sourcemods\collective\mapsrc\backgroundmap.bsp
reading d:\steam\steamapps\sourcemods\collective\mapsrc\backgroundmap.prt
   6 portalclusters
   9 numportals
0...1...2...3...4...5...6...7...8...9...100...1...2...3...4...5...6...7...8...9...10Optimized: 0 visible clusters (0.00%)
Total clusters visible: 36
Average clusters visible: 6
Building PAS...
Average clusters audible: 6
visdatasize:64  compressed from 96
writing d:\steam\steamapps\sourcemods\collective\mapsrc\backgroundmap.bsp
0 seconds elapsed



[Reading texlights from 'lights.rad']
[53 texlights parsed from 'lights.rad']

Loading d:\steam\steamapps\sourcemods\collective\mapsrc\backgroundmap.bsp
22 faces
3026 square feet [435810.75 square inches]
0 Displacements
0 Square Feet [0.00 Square Inches]
22 patches before subdivision
738 patches after subdivision
2 direct lights
0...1...2...3...4...5...6...7...8...9...100...1...2...3...4...5...6...7...8...9...10transfers 26363, max 119
transfer lists:   0.2 megs
0...1...2...3...4...5...6...7...8...9...10	Bounce #1 added RGB(2097, 446, 11)
0...1...2...3...4...5...6...7...8...9...10	Bounce #2 added RGB(321, 59, 1)
0...1...2...3...4...5...6...7...8...9...10	Bounce #3 added RGB(54, 9, 0)
0...1...2...3...4...5...6...7...8...9...10	Bounce #4 added RGB(9, 1, 0)
0...1...2...3...4...5...6...7...8...9...10	Bounce #5 added RGB(2, 0, 0)
0...1...2...3...4...5...6...7...8...9...10	Bounce #6 added RGB(0, 0, 0)
Build Patch/Sample Hash Table(s).....Done<0.0001 sec>
0...1...2...3...4...5...6...7...8...9...10FinalLightFace Done
0 of 0 (0% of) surface lights went in leaf ambient cubes.
0...1...2...3...4...5...6...7...8...9...10Writing leaf ambient...done
Ready to Finish

Object names       Objects/Maxobjs  Memory / Maxmem  Fullness 
------------       ---------------  ---------------  -------- 
models                   1/1024           48/49152    ( 0.1%) 
brushes                 10/8192          120/98304    ( 0.1%) 
brushsides              61/65536         488/524288   ( 0.1%) 
planes                  54/65536        1080/1310720  ( 0.1%) 
vertexes                42/65536         504/786432   ( 0.1%) 
nodes                   34/65536        1088/2097152  ( 0.1%) 
texinfos                10/12288         720/884736   ( 0.1%) 
texdata                  7/2048          224/65536    ( 0.3%) 
dispinfos                0/0               0/0        ( 0.0%) 
disp_verts               0/0               0/0        ( 0.0%) 
disp_tris                0/0               0/0        ( 0.0%) 
disp_lmsamples           0/0               0/0        ( 0.0%) 
faces                   22/65536        1232/3670016  ( 0.0%) 
hdr faces                0/65536           0/3670016  ( 0.0%) 
origfaces               10/65536         560/3670016  ( 0.0%) 
leaves                  36/65536        1152/2097152  ( 0.1%) 
leaffaces               22/65536          44/131072   ( 0.0%) 
leafbrushes             23/65536          46/131072   ( 0.0%) 
areas                    2/256            16/2048     ( 0.8%) 
surfedges              133/512000        532/2048000  ( 0.0%) 
edges                   90/256000        360/1024000  ( 0.0%) 
LDR worldlights          2/8192          176/720896   ( 0.0%) 
HDR worldlights          0/8192            0/720896   ( 0.0%) 
leafwaterdata            0/32768           0/393216   ( 0.0%) 
waterstrips              0/32768           0/327680   ( 0.0%) 
waterverts               0/65536           0/786432   ( 0.0%) 
waterindices             0/65536           0/131072   ( 0.0%) 
cubemapsamples           0/1024            0/16384    ( 0.0%) 
overlays                 1/512           352/180224   ( 0.2%) 
LDR lightdata         [variable]       26720/0        ( 0.0%) 
HDR lightdata         [variable]           0/0        ( 0.0%) 
visdata               [variable]          64/16777216 ( 0.0%) 
entdata               [variable]        3410/393216   ( 0.9%) 
LDR ambient table       36/65536         144/262144   ( 0.1%) 
HDR ambient table       36/65536         144/262144   ( 0.1%) 
LDR leaf ambient        96/65536        2688/1835008  ( 0.1%) 
HDR leaf ambient        36/65536        1008/1835008  ( 0.1%) 
occluders                0/0               0/0        ( 0.0%) 
occluder polygons        0/0               0/0        ( 0.0%) 
occluder vert ind        0/0               0/0        ( 0.0%) 
detail props          [variable]           1/12       ( 8.3%) 
static props          [variable]           1/1716     ( 0.1%) 
pakfile               [variable]      211613/0        ( 0.0%) 
physics               [variable]        3700/4194304  ( 0.1%) 
physics terrain       [variable]           2/1048576  ( 0.0%) 

Level flags = 0

Total triangle count: 49
Writing d:\steam\steamapps\sourcemods\collective\mapsrc\backgroundmap.bsp
0 seconds elapsed



[Reading texlights from 'lights.rad']
[53 texlights parsed from 'lights.rad']

Loading d:\steam\steamapps\sourcemods\collective\mapsrc\backgroundmap.bsp
22 faces
3026 square feet [435810.75 square inches]
0 Displacements
0 Square Feet [0.00 Square Inches]
22 patches before subdivision
738 patches after subdivision
2 direct lights
0...1...2...3...4...5...6...7...8...9...100...1...2...3...4...5...6...7...8...9...10transfers 26363, max 119
transfer lists:   0.2 megs
0...1...2...3...4...5...6...7...8...9...10	Bounce #1 added RGB(404, 85, 2)
0...1...2...3...4...5...6...7...8...9...10	Bounce #2 added RGB(57, 10, 0)
0...1...2...3...4...5...6...7...8...9...10	Bounce #3 added RGB(10, 2, 0)
0...1...2...3...4...5...6...7...8...9...10	Bounce #4 added RGB(2, 0, 0)
0...1...2...3...4...5...6...7...8...9...10	Bounce #5 added RGB(0, 0, 0)
Build Patch/Sample Hash Table(s).....Done<0.0001 sec>
0...1...2...3...4...5...6...7...8...9...10FinalLightFace Done
0 of 0 (0% of) surface lights went in leaf ambient cubes.
0...1...2...3...4...5...6...7...8...9...10Writing leaf ambient...done
Ready to Finish

Object names       Objects/Maxobjs  Memory / Maxmem  Fullness 
------------       ---------------  ---------------  -------- 
models                   1/1024           48/49152    ( 0.1%) 
brushes                 10/8192          120/98304    ( 0.1%) 
brushsides              61/65536         488/524288   ( 0.1%) 
planes                  54/65536        1080/1310720  ( 0.1%) 
vertexes                42/65536         504/786432   ( 0.1%) 
nodes                   34/65536        1088/2097152  ( 0.1%) 
texinfos                10/12288         720/884736   ( 0.1%) 
texdata                  7/2048          224/65536    ( 0.3%) 
dispinfos                0/0               0/0        ( 0.0%) 
disp_verts               0/0               0/0        ( 0.0%) 
disp_tris                0/0               0/0        ( 0.0%) 
disp_lmsamples           0/0               0/0        ( 0.0%) 
faces                   22/65536        1232/3670016  ( 0.0%) 
hdr faces               22/65536        1232/3670016  ( 0.0%) 
origfaces               10/65536         560/3670016  ( 0.0%) 
leaves                  36/65536        1152/2097152  ( 0.1%) 
leaffaces               22/65536          44/131072   ( 0.0%) 
leafbrushes             23/65536          46/131072   ( 0.0%) 
areas                    2/256            16/2048     ( 0.8%) 
surfedges              133/512000        532/2048000  ( 0.0%) 
edges                   90/256000        360/1024000  ( 0.0%) 
LDR worldlights          2/8192          176/720896   ( 0.0%) 
HDR worldlights          2/8192          176/720896   ( 0.0%) 
leafwaterdata            0/32768           0/393216   ( 0.0%) 
waterstrips              0/32768           0/327680   ( 0.0%) 
waterverts               0/65536           0/786432   ( 0.0%) 
waterindices             0/65536           0/131072   ( 0.0%) 
cubemapsamples           0/1024            0/16384    ( 0.0%) 
overlays                 1/512           352/180224   ( 0.2%) 
LDR lightdata         [variable]       26720/0        ( 0.0%) 
HDR lightdata         [variable]       26720/0        ( 0.0%) 
visdata               [variable]          64/16777216 ( 0.0%) 
entdata               [variable]        3410/393216   ( 0.9%) 
LDR ambient table       36/65536         144/262144   ( 0.1%) 
HDR ambient table       36/65536         144/262144   ( 0.1%) 
LDR leaf ambient        96/65536        2688/1835008  ( 0.1%) 
HDR leaf ambient        94/65536        2632/1835008  ( 0.1%) 
occluders                0/0               0/0        ( 0.0%) 
occluder polygons        0/0               0/0        ( 0.0%) 
occluder vert ind        0/0               0/0        ( 0.0%) 
detail props          [variable]           1/12       ( 8.3%) 
static props          [variable]           1/1716     ( 0.1%) 
pakfile               [variable]      211613/0        ( 0.0%) 
physics               [variable]        3700/4194304  ( 0.1%) 
physics terrain       [variable]           2/1048576  ( 0.0%) 

Level flags = 0

Total triangle count: 49
Writing d:\steam\steamapps\sourcemods\collective\mapsrc\backgroundmap.bsp
0 seconds elapsed



materialPath: D:\Steam\steamapps\common\Portal\portal\materials
Loading d:\steam\steamapps\sourcemods\collective\mapsrc\backgroundmap.vmf
Could not locate 'GameData' key in d:\steam\steamapps\common\portal\portal\gameinfo.txt
fixing up env_cubemap materials on brush sides...
0...1...2...3...4...5...6...7...8...9...100...1...2...3...4...5...6...7...8...9...10Processing areas...done (0)
Building Faces...done (0)
FixTjuncs...
PruneNodes...
WriteBSP...
done (0)
writing d:\steam\steamapps\sourcemods\collective\mapsrc\backgroundmap.prt...Building visibility clusters...
done (0)
Creating default LDR cubemaps for env_cubemap using skybox materials:
   skybox/sky_day01_01*.vmt
 ! Run buildcubemaps in the engine to get the correct cube maps.
Creating default HDR cubemaps for env_cubemap using skybox materials:
   skybox/sky_day01_01*.vmt
 ! Run buildcubemaps in the engine to get the correct cube maps.
Finding displacement neighbors...
Finding lightmap sample positions...
Displacement Alpha : 0...1...2...3...4...5...6...7...8...9...10
Building Physics collision data...
done (0) (3700 bytes)
Placing detail props : 0...1...2...3...4...5...6...7...8...9...10
Compacting texture/material tables...
Reduced 41 texinfos to 10
Reduced 8 texdatas to 7 (238 bytes to 188)
Writing d:\steam\steamapps\sourcemods\collective\mapsrc\backgroundmap.bsp
0 seconds elapsed



12 threads
reading d:\steam\steamapps\sourcemods\collective\mapsrc\backgroundmap.bsp
reading d:\steam\steamapps\sourcemods\collective\mapsrc\backgroundmap.prt
   6 portalclusters
   9 numportals
0...1...2...3...4...5...6...7...8...9...100...1...2...3...4...5...6...7...8...9...10Optimized: 0 visible clusters (0.00%)
Total clusters visible: 36
Average clusters visible: 6
Building PAS...
Average clusters audible: 6
visdatasize:64  compressed from 96
writing d:\steam\steamapps\sourcemods\collective\mapsrc\backgroundmap.bsp
0 seconds elapsed



[Reading texlights from 'lights.rad']
[53 texlights parsed from 'lights.rad']

Loading d:\steam\steamapps\sourcemods\collective\mapsrc\backgroundmap.bsp
22 faces
3026 square feet [435810.75 square inches]
0 Displacements
0 Square Feet [0.00 Square Inches]
22 patches before subdivision
738 patches after subdivision
2 direct lights
0...1...2...3...4...5...6...7...8...9...100...1...2...3...4...5...6...7...8...9...10transfers 26363, max 119
transfer lists:   0.2 megs
0...1...2...3...4...5...6...7...8...9...10	Bounce #1 added RGB(2097, 446, 11)
0...1...2...3...4...5...6...7...8...9...10	Bounce #2 added RGB(321, 59, 1)
0...1...2...3...4...5...6...7...8...9...10	Bounce #3 added RGB(54, 9, 0)
0...1...2...3...4...5...6...7...8...9...10	Bounce #4 added RGB(9, 1, 0)
0...1...2...3...4...5...6...7...8...9...10	Bounce #5 added RGB(2, 0, 0)
0...1...2...3...4...5...6...7...8...9...10	Bounce #6 added RGB(0, 0, 0)
Build Patch/Sample Hash Table(s).....Done<0.0001 sec>
0...1...2...3...4...5...6...7...8...9...10FinalLightFace Done
0 of 0 (0% of) surface lights went in leaf ambient cubes.
0...1...2...3...4...5...6...7...8...9...10Writing leaf ambient...done
Ready to Finish

Object names       Objects/Maxobjs  Memory / Maxmem  Fullness 
------------       ---------------  ---------------  -------- 
models                   1/1024           48/49152    ( 0.1%) 
brushes                 10/8192          120/98304    ( 0.1%) 
brushsides              61/65536         488/524288   ( 0.1%) 
planes                  54/65536        1080/1310720  ( 0.1%) 
vertexes                42/65536         504/786432   ( 0.1%) 
nodes                   34/65536        1088/2097152  ( 0.1%) 
texinfos                10/12288         720/884736   ( 0.1%) 
texdata                  7/2048          224/65536    ( 0.3%) 
dispinfos                0/0               0/0        ( 0.0%) 
disp_verts               0/0               0/0        ( 0.0%) 
disp_tris                0/0               0/0        ( 0.0%) 
disp_lmsamples           0/0               0/0        ( 0.0%) 
faces                   22/65536        1232/3670016  ( 0.0%) 
hdr faces                0/65536           0/3670016  ( 0.0%) 
origfaces               10/65536         560/3670016  ( 0.0%) 
leaves                  36/65536        1152/2097152  ( 0.1%) 
leaffaces               22/65536          44/131072   ( 0.0%) 
leafbrushes             23/65536          46/131072   ( 0.0%) 
areas                    2/256            16/2048     ( 0.8%) 
surfedges              133/512000        532/2048000  ( 0.0%) 
edges                   90/256000        360/1024000  ( 0.0%) 
LDR worldlights          2/8192          176/720896   ( 0.0%) 
HDR worldlights          0/8192            0/720896   ( 0.0%) 
leafwaterdata            0/32768           0/393216   ( 0.0%) 
waterstrips              0/32768           0/327680   ( 0.0%) 
waterverts               0/65536           0/786432   ( 0.0%) 
waterindices             0/65536           0/131072   ( 0.0%) 
cubemapsamples           0/1024            0/16384    ( 0.0%) 
overlays                 1/512           352/180224   ( 0.2%) 
LDR lightdata         [variable]       26720/0        ( 0.0%) 
HDR lightdata         [variable]           0/0        ( 0.0%) 
visdata               [variable]          64/16777216 ( 0.0%) 
entdata               [variable]        3411/393216   ( 0.9%) 
LDR ambient table       36/65536         144/262144   ( 0.1%) 
HDR ambient table       36/65536         144/262144   ( 0.1%) 
LDR leaf ambient        96/65536        2688/1835008  ( 0.1%) 
HDR leaf ambient        36/65536        1008/1835008  ( 0.1%) 
occluders                0/0               0/0        ( 0.0%) 
occluder polygons        0/0               0/0        ( 0.0%) 
occluder vert ind        0/0               0/0        ( 0.0%) 
detail props          [variable]           1/12       ( 8.3%) 
static props          [variable]           1/1716     ( 0.1%) 
pakfile               [variable]      211613/0        ( 0.0%) 
physics               [variable]        3700/4194304  ( 0.1%) 
physics terrain       [variable]           2/1048576  ( 0.0%) 

Level flags = 0

Total triangle count: 49
Writing d:\steam\steamapps\sourcemods\collective\mapsrc\backgroundmap.bsp
0 seconds elapsed



[Reading texlights from 'lights.rad']
[53 texlights parsed from 'lights.rad']

Loading d:\steam\steamapps\sourcemods\collective\mapsrc\backgroundmap.bsp
22 faces
3026 square feet [435810.75 square inches]
0 Displacements
0 Square Feet [0.00 Square Inches]
22 patches before subdivision
738 patches after subdivision
2 direct lights
0...1...2...3...4...5...6...7...8...9...100...1...2...3...4...5...6...7...8...9...10transfers 26363, max 119
transfer lists:   0.2 megs
0...1...2...3...4...5...6...7...8...9...10	Bounce #1 added RGB(404, 85, 2)
0...1...2...3...4...5...6...7...8...9...10	Bounce #2 added RGB(57, 10, 0)
0...1...2...3...4...5...6...7...8...9...10	Bounce #3 added RGB(10, 2, 0)
0...1...2...3...4...5...6...7...8...9...10	Bounce #4 added RGB(2, 0, 0)
0...1...2...3...4...5...6...7...8...9...10	Bounce #5 added RGB(0, 0, 0)
Build Patch/Sample Hash Table(s).....Done<0.0001 sec>
0...1...2...3...4...5...6...7...8...9...10FinalLightFace Done
0 of 0 (0% of) surface lights went in leaf ambient cubes.
0...1...2...3...4...5...6...7...8...9...10Writing leaf ambient...done
Ready to Finish

Object names       Objects/Maxobjs  Memory / Maxmem  Fullness 
------------       ---------------  ---------------  -------- 
models                   1/1024           48/49152    ( 0.1%) 
brushes                 10/8192          120/98304    ( 0.1%) 
brushsides              61/65536         488/524288   ( 0.1%) 
planes                  54/65536        1080/1310720  ( 0.1%) 
vertexes                42/65536         504/786432   ( 0.1%) 
nodes                   34/65536        1088/2097152  ( 0.1%) 
texinfos                10/12288         720/884736   ( 0.1%) 
texdata                  7/2048          224/65536    ( 0.3%) 
dispinfos                0/0               0/0        ( 0.0%) 
disp_verts               0/0               0/0        ( 0.0%) 
disp_tris                0/0               0/0        ( 0.0%) 
disp_lmsamples           0/0               0/0        ( 0.0%) 
faces                   22/65536        1232/3670016  ( 0.0%) 
hdr faces               22/65536        1232/3670016  ( 0.0%) 
origfaces               10/65536         560/3670016  ( 0.0%) 
leaves                  36/65536        1152/2097152  ( 0.1%) 
leaffaces               22/65536          44/131072   ( 0.0%) 
leafbrushes             23/65536          46/131072   ( 0.0%) 
areas                    2/256            16/2048     ( 0.8%) 
surfedges              133/512000        532/2048000  ( 0.0%) 
edges                   90/256000        360/1024000  ( 0.0%) 
LDR worldlights          2/8192          176/720896   ( 0.0%) 
HDR worldlights          2/8192          176/720896   ( 0.0%) 
leafwaterdata            0/32768           0/393216   ( 0.0%) 
waterstrips              0/32768           0/327680   ( 0.0%) 
waterverts               0/65536           0/786432   ( 0.0%) 
waterindices             0/65536           0/131072   ( 0.0%) 
cubemapsamples           0/1024            0/16384    ( 0.0%) 
overlays                 1/512           352/180224   ( 0.2%) 
LDR lightdata         [variable]       26720/0        ( 0.0%) 
HDR lightdata         [variable]       26720/0        ( 0.0%) 
visdata               [variable]          64/16777216 ( 0.0%) 
entdata               [variable]        3411/393216   ( 0.9%) 
LDR ambient table       36/65536         144/262144   ( 0.1%) 
HDR ambient table       36/65536         144/262144   ( 0.1%) 
LDR leaf ambient        96/65536        2688/1835008  ( 0.1%) 
HDR leaf ambient        94/65536        2632/1835008  ( 0.1%) 
occluders                0/0               0/0        ( 0.0%) 
occluder polygons        0/0               0/0        ( 0.0%) 
occluder vert ind        0/0               0/0        ( 0.0%) 
detail props          [variable]           1/12       ( 8.3%) 
static props          [variable]           1/1716     ( 0.1%) 
pakfile               [variable]      211613/0        ( 0.0%) 
physics               [variable]        3700/4194304  ( 0.1%) 
physics terrain       [variable]           2/1048576  ( 0.0%) 

Level flags = 0

Total triangle count: 49
Writing d:\steam\steamapps\sourcemods\collective\mapsrc\backgroundmap.bsp
0 seconds elapsed



materialPath: D:\Steam\steamapps\common\Portal\portal\materials
Loading d:\steam\steamapps\sourcemods\collective\mapsrc\backgroundmap.vmf
Could not locate 'GameData' key in d:\steam\steamapps\common\portal\portal\gameinfo.txt
fixing up env_cubemap materials on brush sides...
0...1...2...3...4...5...6...7...8...9...100...1...2...3...4...5...6...7...8...9...10Processing areas...done (0)
Building Faces...done (0)
FixTjuncs...
PruneNodes...
WriteBSP...
done (0)
writing d:\steam\steamapps\sourcemods\collective\mapsrc\backgroundmap.prt...Building visibility clusters...
done (0)
Creating default LDR cubemaps for env_cubemap using skybox materials:
   skybox/sky_day01_01*.vmt
 ! Run buildcubemaps in the engine to get the correct cube maps.
Creating default HDR cubemaps for env_cubemap using skybox materials:
   skybox/sky_day01_01*.vmt
 ! Run buildcubemaps in the engine to get the correct cube maps.
Finding displacement neighbors...
Finding lightmap sample positions...
Displacement Alpha : 0...1...2...3...4...5...6...7...8...9...10
Building Physics collision data...
done (0) (3700 bytes)
Placing detail props : 0...1...2...3...4...5...6...7...8...9...10
Compacting texture/material tables...
Reduced 41 texinfos to 10
Reduced 8 texdatas to 7 (238 bytes to 188)
Writing d:\steam\steamapps\sourcemods\collective\mapsrc\backgroundmap.bsp
0 seconds elapsed



12 threads
reading d:\steam\steamapps\sourcemods\collective\mapsrc\backgroundmap.bsp
reading d:\steam\steamapps\sourcemods\collective\mapsrc\backgroundmap.prt
   6 portalclusters
   9 numportals
0...1...2...3...4...5...6...7...8...9...100...1...2...3...4...5...6...7...8...9...10Optimized: 0 visible clusters (0.00%)
Total clusters visible: 36
Average clusters visible: 6
Building PAS...
Average clusters audible: 6
visdatasize:64  compressed from 96
writing d:\steam\steamapps\sourcemods\collective\mapsrc\backgroundmap.bsp
0 seconds elapsed



[Reading texlights from 'lights.rad']
[53 texlights parsed from 'lights.rad']

Loading d:\steam\steamapps\sourcemods\collective\mapsrc\backgroundmap.bsp
22 faces
3026 square feet [435810.75 square inches]
0 Displacements
0 Square Feet [0.00 Square Inches]
22 patches before subdivision
738 patches after subdivision
2 direct lights
0...1...2...3...4...5...6...7...8...9...100...1...2...3...4...5...6...7...8...9...10transfers 26363, max 119
transfer lists:   0.2 megs
0...1...2...3...4...5...6...7...8...9...10	Bounce #1 added RGB(2097, 446, 11)
0...1...2...3...4...5...6...7...8...9...10	Bounce #2 added RGB(321, 59, 1)
0...1...2...3...4...5...6...7...8...9...10	Bounce #3 added RGB(54, 9, 0)
0...1...2...3...4...5...6...7...8...9...10	Bounce #4 added RGB(9, 1, 0)
0...1...2...3...4...5...6...7...8...9...10	Bounce #5 added RGB(2, 0, 0)
0...1...2...3...4...5...6...7...8...9...10	Bounce #6 added RGB(0, 0, 0)
Build Patch/Sample Hash Table(s).....Done<0.0001 sec>
0...1...2...3...4...5...6...7...8...9...10FinalLightFace Done
0 of 0 (0% of) surface lights went in leaf ambient cubes.
0...1...2...3...4...5...6...7...8...9...10Writing leaf ambient...done
Ready to Finish

Object names       Objects/Maxobjs  Memory / Maxmem  Fullness 
------------       ---------------  ---------------  -------- 
models                   1/1024           48/49152    ( 0.1%) 
brushes                 10/8192          120/98304    ( 0.1%) 
brushsides              61/65536         488/524288   ( 0.1%) 
planes                  54/65536        1080/1310720  ( 0.1%) 
vertexes                42/65536         504/786432   ( 0.1%) 
nodes                   34/65536        1088/2097152  ( 0.1%) 
texinfos                10/12288         720/884736   ( 0.1%) 
texdata                  7/2048          224/65536    ( 0.3%) 
dispinfos                0/0               0/0        ( 0.0%) 
disp_verts               0/0               0/0        ( 0.0%) 
disp_tris                0/0               0/0        ( 0.0%) 
disp_lmsamples           0/0               0/0        ( 0.0%) 
faces                   22/65536        1232/3670016  ( 0.0%) 
hdr faces                0/65536           0/3670016  ( 0.0%) 
origfaces               10/65536         560/3670016  ( 0.0%) 
leaves                  36/65536        1152/2097152  ( 0.1%) 
leaffaces               22/65536          44/131072   ( 0.0%) 
leafbrushes             23/65536          46/131072   ( 0.0%) 
areas                    2/256            16/2048     ( 0.8%) 
surfedges              133/512000        532/2048000  ( 0.0%) 
edges                   90/256000        360/1024000  ( 0.0%) 
LDR worldlights          2/8192          176/720896   ( 0.0%) 
HDR worldlights          0/8192            0/720896   ( 0.0%) 
leafwaterdata            0/32768           0/393216   ( 0.0%) 
waterstrips              0/32768           0/327680   ( 0.0%) 
waterverts               0/65536           0/786432   ( 0.0%) 
waterindices             0/65536           0/131072   ( 0.0%) 
cubemapsamples           0/1024            0/16384    ( 0.0%) 
overlays                 1/512           352/180224   ( 0.2%) 
LDR lightdata         [variable]       26720/0        ( 0.0%) 
HDR lightdata         [variable]           0/0        ( 0.0%) 
visdata               [variable]          64/16777216 ( 0.0%) 
entdata               [variable]        3412/393216   ( 0.9%) 
LDR ambient table       36/65536         144/262144   ( 0.1%) 
HDR ambient table       36/65536         144/262144   ( 0.1%) 
LDR leaf ambient        96/65536        2688/1835008  ( 0.1%) 
HDR leaf ambient        36/65536        1008/1835008  ( 0.1%) 
occluders                0/0               0/0        ( 0.0%) 
occluder polygons        0/0               0/0        ( 0.0%) 
occluder vert ind        0/0               0/0        ( 0.0%) 
detail props          [variable]           1/12       ( 8.3%) 
static props          [variable]           1/1716     ( 0.1%) 
pakfile               [variable]      211613/0        ( 0.0%) 
physics               [variable]        3700/4194304  ( 0.1%) 
physics terrain       [variable]           2/1048576  ( 0.0%) 

Level flags = 0

Total triangle count: 49
Writing d:\steam\steamapps\sourcemods\collective\mapsrc\backgroundmap.bsp
0 seconds elapsed



[Reading texlights from 'lights.rad']
[53 texlights parsed from 'lights.rad']

Loading d:\steam\steamapps\sourcemods\collective\mapsrc\backgroundmap.bsp
22 faces
3026 square feet [435810.75 square inches]
0 Displacements
0 Square Feet [0.00 Square Inches]
22 patches before subdivision
738 patches after subdivision
2 direct lights
0...1...2...3...4...5...6...7...8...9...100...1...2...3...4...5...6...7...8...9...10transfers 26363, max 119
transfer lists:   0.2 megs
0...1...2...3...4...5...6...7...8...9...10	Bounce #1 added RGB(404, 85, 2)
0...1...2...3...4...5...6...7...8...9...10	Bounce #2 added RGB(57, 10, 0)
0...1...2...3...4...5...6...7...8...9...10	Bounce #3 added RGB(10, 2, 0)
0...1...2...3...4...5...6...7...8...9...10	Bounce #4 added RGB(2, 0, 0)
0...1...2...3...4...5...6...7...8...9...10	Bounce #5 added RGB(0, 0, 0)
Build Patch/Sample Hash Table(s).....Done<0.0001 sec>
0...1...2...3...4...5...6...7...8...9...10FinalLightFace Done
0 of 0 (0% of) surface lights went in leaf ambient cubes.
0...1...2...3...4...5...6...7...8...9...10Writing leaf ambient...done
Ready to Finish

Object names       Objects/Maxobjs  Memory / Maxmem  Fullness 
------------       ---------------  ---------------  -------- 
models                   1/1024           48/49152    ( 0.1%) 
brushes                 10/8192          120/98304    ( 0.1%) 
brushsides              61/65536         488/524288   ( 0.1%) 
planes                  54/65536        1080/1310720  ( 0.1%) 
vertexes                42/65536         504/786432   ( 0.1%) 
nodes                   34/65536        1088/2097152  ( 0.1%) 
texinfos                10/12288         720/884736   ( 0.1%) 
texdata                  7/2048          224/65536    ( 0.3%) 
dispinfos                0/0               0/0        ( 0.0%) 
disp_verts               0/0               0/0        ( 0.0%) 
disp_tris                0/0               0/0        ( 0.0%) 
disp_lmsamples           0/0               0/0        ( 0.0%) 
faces                   22/65536        1232/3670016  ( 0.0%) 
hdr faces               22/65536        1232/3670016  ( 0.0%) 
origfaces               10/65536         560/3670016  ( 0.0%) 
leaves                  36/65536        1152/2097152  ( 0.1%) 
leaffaces               22/65536          44/131072   ( 0.0%) 
leafbrushes             23/65536          46/131072   ( 0.0%) 
areas                    2/256            16/2048     ( 0.8%) 
surfedges              133/512000        532/2048000  ( 0.0%) 
edges                   90/256000        360/1024000  ( 0.0%) 
LDR worldlights          2/8192          176/720896   ( 0.0%) 
HDR worldlights          2/8192          176/720896   ( 0.0%) 
leafwaterdata            0/32768           0/393216   ( 0.0%) 
waterstrips              0/32768           0/327680   ( 0.0%) 
waterverts               0/65536           0/786432   ( 0.0%) 
waterindices             0/65536           0/131072   ( 0.0%) 
cubemapsamples           0/1024            0/16384    ( 0.0%) 
overlays                 1/512           352/180224   ( 0.2%) 
LDR lightdata         [variable]       26720/0        ( 0.0%) 
HDR lightdata         [variable]       26720/0        ( 0.0%) 
visdata               [variable]          64/16777216 ( 0.0%) 
entdata               [variable]        3412/393216   ( 0.9%) 
LDR ambient table       36/65536         144/262144   ( 0.1%) 
HDR ambient table       36/65536         144/262144   ( 0.1%) 
LDR leaf ambient        96/65536        2688/1835008  ( 0.1%) 
HDR leaf ambient        94/65536        2632/1835008  ( 0.1%) 
occluders                0/0               0/0        ( 0.0%) 
occluder polygons        0/0               0/0        ( 0.0%) 
occluder vert ind        0/0               0/0        ( 0.0%) 
detail props          [variable]           1/12       ( 8.3%) 
static props          [variable]           1/1716     ( 0.1%) 
pakfile               [variable]      211613/0        ( 0.0%) 
physics               [variable]        3700/4194304  ( 0.1%) 
physics terrain       [variable]           2/1048576  ( 0.0%) 

Level flags = 0

Total triangle count: 49
Writing d:\steam\steamapps\sourcemods\collective\mapsrc\backgroundmap.bsp
0 seconds elapsed



materialPath: D:\Steam\steamapps\common\Portal\portal\materials
Loading d:\steam\steamapps\sourcemods\collective\mapsrc\backgroundmap.vmf
Could not locate 'GameData' key in d:\steam\steamapps\common\portal\portal\gameinfo.txt
fixing up env_cubemap materials on brush sides...
0...1...2...3...4...5...6...7...8...9...100...1...2...3...4...5...6...7...8...9...10Processing areas...done (0)
Building Faces...done (0)
FixTjuncs...
PruneNodes...
WriteBSP...
done (0)
writing d:\steam\steamapps\sourcemods\collective\mapsrc\backgroundmap.prt...Building visibility clusters...
done (0)
Creating default LDR cubemaps for env_cubemap using skybox materials:
   skybox/sky_day01_01*.vmt
 ! Run buildcubemaps in the engine to get the correct cube maps.
Creating default HDR cubemaps for env_cubemap using skybox materials:
   skybox/sky_day01_01*.vmt
 ! Run buildcubemaps in the engine to get the correct cube maps.
Finding displacement neighbors...
Finding lightmap sample positions...
Displacement Alpha : 0...1...2...3...4...5...6...7...8...9...10
Building Physics collision data...
done (0) (3700 bytes)
Placing detail props : 0...1...2...3...4...5...6...7...8...9...10
Compacting texture/material tables...
Reduced 44 texinfos to 13
Reduced 12 texdatas to 11 (348 bytes to 298)
Writing d:\steam\steamapps\sourcemods\collective\mapsrc\backgroundmap.bsp
0 seconds elapsed



12 threads
reading d:\steam\steamapps\sourcemods\collective\mapsrc\backgroundmap.bsp
reading d:\steam\steamapps\sourcemods\collective\mapsrc\backgroundmap.prt
   6 portalclusters
   9 numportals
0...1...2...3...4...5...6...7...8...9...100...1...2...3...4...5...6...7...8...9...10Optimized: 0 visible clusters (0.00%)
Total clusters visible: 36
Average clusters visible: 6
Building PAS...
Average clusters audible: 6
visdatasize:64  compressed from 96
writing d:\steam\steamapps\sourcemods\collective\mapsrc\backgroundmap.bsp
0 seconds elapsed



[Reading texlights from 'lights.rad']
[53 texlights parsed from 'lights.rad']

Loading d:\steam\steamapps\sourcemods\collective\mapsrc\backgroundmap.bsp
22 faces
3026 square feet [435810.75 square inches]
0 Displacements
0 Square Feet [0.00 Square Inches]
22 patches before subdivision
738 patches after subdivision
2 direct lights
0...1...2...3...4...5...6...7...8...9...100...1...2...3...4...5...6...7...8...9...10transfers 21854, max 109
transfer lists:   0.2 megs
0...1...2...3...4...5...6...7...8...9...10	Bounce #1 added RGB(1935, 418, 10)
0...1...2...3...4...5...6...7...8...9...10	Bounce #2 added RGB(294, 56, 1)
0...1...2...3...4...5...6...7...8...9...10	Bounce #3 added RGB(47, 8, 0)
0...1...2...3...4...5...6...7...8...9...10	Bounce #4 added RGB(8, 1, 0)
0...1...2...3...4...5...6...7...8...9...10	Bounce #5 added RGB(1, 0, 0)
0...1...2...3...4...5...6...7...8...9...10	Bounce #6 added RGB(0, 0, 0)
Build Patch/Sample Hash Table(s).....Done<0.0001 sec>
0...1...2...3...4...5...6...7...8...9...10FinalLightFace Done
0 of 0 (0% of) surface lights went in leaf ambient cubes.
0...1...2...3...4...5...6...7...8...9...10Writing leaf ambient...done
Ready to Finish

Object names       Objects/Maxobjs  Memory / Maxmem  Fullness 
------------       ---------------  ---------------  -------- 
models                   1/1024           48/49152    ( 0.1%) 
brushes                 10/8192          120/98304    ( 0.1%) 
brushsides              61/65536         488/524288   ( 0.1%) 
planes                  54/65536        1080/1310720  ( 0.1%) 
vertexes                42/65536         504/786432   ( 0.1%) 
nodes                   34/65536        1088/2097152  ( 0.1%) 
texinfos                13/12288         936/884736   ( 0.1%) 
texdata                 11/2048          352/65536    ( 0.5%) 
dispinfos                0/0               0/0        ( 0.0%) 
disp_verts               0/0               0/0        ( 0.0%) 
disp_tris                0/0               0/0        ( 0.0%) 
disp_lmsamples           0/0               0/0        ( 0.0%) 
faces                   22/65536        1232/3670016  ( 0.0%) 
hdr faces                0/65536           0/3670016  ( 0.0%) 
origfaces               10/65536         560/3670016  ( 0.0%) 
leaves                  36/65536        1152/2097152  ( 0.1%) 
leaffaces               22/65536          44/131072   ( 0.0%) 
leafbrushes             23/65536          46/131072   ( 0.0%) 
areas                    2/256            16/2048     ( 0.8%) 
surfedges              133/512000        532/2048000  ( 0.0%) 
edges                   90/256000        360/1024000  ( 0.0%) 
LDR worldlights          2/8192          176/720896   ( 0.0%) 
HDR worldlights          0/8192            0/720896   ( 0.0%) 
leafwaterdata            0/32768           0/393216   ( 0.0%) 
waterstrips              0/32768           0/327680   ( 0.0%) 
waterverts               0/65536           0/786432   ( 0.0%) 
waterindices             0/65536           0/131072   ( 0.0%) 
cubemapsamples           0/1024            0/16384    ( 0.0%) 
overlays                 6/512          2112/180224   ( 1.2%) 
LDR lightdata         [variable]       20672/0        ( 0.0%) 
HDR lightdata         [variable]           0/0        ( 0.0%) 
visdata               [variable]          64/16777216 ( 0.0%) 
entdata               [variable]        3412/393216   ( 0.9%) 
LDR ambient table       36/65536         144/262144   ( 0.1%) 
HDR ambient table       36/65536         144/262144   ( 0.1%) 
LDR leaf ambient        96/65536        2688/1835008  ( 0.1%) 
HDR leaf ambient        36/65536        1008/1835008  ( 0.1%) 
occluders                0/0               0/0        ( 0.0%) 
occluder polygons        0/0               0/0        ( 0.0%) 
occluder vert ind        0/0               0/0        ( 0.0%) 
detail props          [variable]           1/12       ( 8.3%) 
static props          [variable]           1/1978     ( 0.1%) 
pakfile               [variable]      211613/0        ( 0.0%) 
physics               [variable]        3700/4194304  ( 0.1%) 
physics terrain       [variable]           2/1048576  ( 0.0%) 

Level flags = 0

Total triangle count: 49
Writing d:\steam\steamapps\sourcemods\collective\mapsrc\backgroundmap.bsp
0 seconds elapsed



[Reading texlights from 'lights.rad']
[53 texlights parsed from 'lights.rad']

Loading d:\steam\steamapps\sourcemods\collective\mapsrc\backgroundmap.bsp
22 faces
3026 square feet [435810.75 square inches]
0 Displacements
0 Square Feet [0.00 Square Inches]
22 patches before subdivision
738 patches after subdivision
2 direct lights
0...1...2...3...4...5...6...7...8...9...100...1...2...3...4...5...6...7...8...9...10transfers 21854, max 109
transfer lists:   0.2 megs
0...1...2...3...4...5...6...7...8...9...10	Bounce #1 added RGB(369, 79, 2)
0...1...2...3...4...5...6...7...8...9...10	Bounce #2 added RGB(53, 10, 0)
0...1...2...3...4...5...6...7...8...9...10	Bounce #3 added RGB(9, 1, 0)
0...1...2...3...4...5...6...7...8...9...10	Bounce #4 added RGB(1, 0, 0)
0...1...2...3...4...5...6...7...8...9...10	Bounce #5 added RGB(0, 0, 0)
Build Patch/Sample Hash Table(s).....Done<0.0001 sec>
0...1...2...3...4...5...6...7...8...9...10FinalLightFace Done
0 of 0 (0% of) surface lights went in leaf ambient cubes.
0...1...2...3...4...5...6...7...8...9...10Writing leaf ambient...done
Ready to Finish

Object names       Objects/Maxobjs  Memory / Maxmem  Fullness 
------------       ---------------  ---------------  -------- 
models                   1/1024           48/49152    ( 0.1%) 
brushes                 10/8192          120/98304    ( 0.1%) 
brushsides              61/65536         488/524288   ( 0.1%) 
planes                  54/65536        1080/1310720  ( 0.1%) 
vertexes                42/65536         504/786432   ( 0.1%) 
nodes                   34/65536        1088/2097152  ( 0.1%) 
texinfos                13/12288         936/884736   ( 0.1%) 
texdata                 11/2048          352/65536    ( 0.5%) 
dispinfos                0/0               0/0        ( 0.0%) 
disp_verts               0/0               0/0        ( 0.0%) 
disp_tris                0/0               0/0        ( 0.0%) 
disp_lmsamples           0/0               0/0        ( 0.0%) 
faces                   22/65536        1232/3670016  ( 0.0%) 
hdr faces               22/65536        1232/3670016  ( 0.0%) 
origfaces               10/65536         560/3670016  ( 0.0%) 
leaves                  36/65536        1152/2097152  ( 0.1%) 
leaffaces               22/65536          44/131072   ( 0.0%) 
leafbrushes             23/65536          46/131072   ( 0.0%) 
areas                    2/256            16/2048     ( 0.8%) 
surfedges              133/512000        532/2048000  ( 0.0%) 
edges                   90/256000        360/1024000  ( 0.0%) 
LDR worldlights          2/8192          176/720896   ( 0.0%) 
HDR worldlights          2/8192          176/720896   ( 0.0%) 
leafwaterdata            0/32768           0/393216   ( 0.0%) 
waterstrips              0/32768           0/327680   ( 0.0%) 
waterverts               0/65536           0/786432   ( 0.0%) 
waterindices             0/65536           0/131072   ( 0.0%) 
cubemapsamples           0/1024            0/16384    ( 0.0%) 
overlays                 6/512          2112/180224   ( 1.2%) 
LDR lightdata         [variable]       20672/0        ( 0.0%) 
HDR lightdata         [variable]       20672/0        ( 0.0%) 
visdata               [variable]          64/16777216 ( 0.0%) 
entdata               [variable]        3412/393216   ( 0.9%) 
LDR ambient table       36/65536         144/262144   ( 0.1%) 
HDR ambient table       36/65536         144/262144   ( 0.1%) 
LDR leaf ambient        96/65536        2688/1835008  ( 0.1%) 
HDR leaf ambient        95/65536        2660/1835008  ( 0.1%) 
occluders                0/0               0/0        ( 0.0%) 
occluder polygons        0/0               0/0        ( 0.0%) 
occluder vert ind        0/0               0/0        ( 0.0%) 
detail props          [variable]           1/12       ( 8.3%) 
static props          [variable]           1/1978     ( 0.1%) 
pakfile               [variable]      211613/0        ( 0.0%) 
physics               [variable]        3700/4194304  ( 0.1%) 
physics terrain       [variable]           2/1048576  ( 0.0%) 

Level flags = 0

Total triangle count: 49
Writing d:\steam\steamapps\sourcemods\collective\mapsrc\backgroundmap.bsp
0 seconds elapsed
