


materialPath: D:\Steam\steamapps\common\Portal\portal\materials
Loading d:\steam\steamapps\sourcemods\collective\mapsrc\collective_finale1.vmf
ConVarRef mat_reduceparticles doesn't point to an existing ConVar
Could not locate 'GameData' key in d:\steam\steamapps\common\portal\portal\gameinfo.txt
fixing up env_cubemap materials on brush sides...
0...1...2...3...4...5...6...7...8...9...100...1...2...3...4...5...6...7...8...9...10Processing areas...done (0)
Building Faces...done (0)
Chop Details...done (0)
Find Visible Detail Sides...
Merged 702 detail faces...done (0)
Merging details...done (0)
FixTjuncs...
PruneNodes...
WriteBSP...
done (0)
writing d:\steam\steamapps\sourcemods\collective\mapsrc\collective_finale1.prt...Building visibility clusters...
done (0)
Creating default LDR cubemaps for env_cubemap using skybox materials:
   skybox/sky_day01_01*.vmt
 ! Run buildcubemaps in the engine to get the correct cube maps.
Creating default HDR cubemaps for env_cubemap using skybox materials:
   skybox/sky_day01_01*.vmt
 ! Run buildcubemaps in the engine to get the correct cube maps.
Finding displacement neighbors...
Finding lightmap sample positions...
Displacement Alpha : 0...1...2...3...4...5...6...7...8...9...10
Building Physics collision data...
done (0) (120875 bytes)
Placing detail props : 0...1...2...3...4...5...6...7...8...9...10
Compacting texture/material tables...
Reduced 827 texinfos to 797
Reduced 9 texdatas to 8 (271 bytes to 217)
Writing d:\steam\steamapps\sourcemods\collective\mapsrc\collective_finale1.bsp
0 seconds elapsed



12 threads
reading d:\steam\steamapps\sourcemods\collective\mapsrc\collective_finale1.bsp
reading d:\steam\steamapps\sourcemods\collective\mapsrc\collective_finale1.prt
  18 portalclusters
  44 numportals
0...1...2...3...4...5...6...7...8...9...100...1...2...3...4...5...6...7...8...9...10Optimized: 0 visible clusters (0.00%)
Total clusters visible: 292
Average clusters visible: 16
Building PAS...
Average clusters audible: 18
visdatasize:256  compressed from 288
writing d:\steam\steamapps\sourcemods\collective\mapsrc\collective_finale1.bsp
0 seconds elapsed



[Reading texlights from 'lights.rad']
[53 texlights parsed from 'lights.rad']

Loading d:\steam\steamapps\sourcemods\collective\mapsrc\collective_finale1.bsp
2524 faces
146831 square feet [21143708.00 square inches]
0 Displacements
0 Square Feet [0.00 Square Inches]
2524 patches before subdivision
10938 patches after subdivision
3 direct lights
0...1...2...3...4...5...6...7...8...9...100...1...2...3...4...5...6...7...8...9...10transfers 239109, max 351
transfer lists:   1.8 megs
0...1...2...3...4...5...6...7...8...9...10	Bounce #1 added RGB(1027, 1235, 1372)
0...1...2...3...4...5...6...7...8...9...10	Bounce #2 added RGB(188, 235, 267)
0...1...2...3...4...5...6...7...8...9...10	Bounce #3 added RGB(35, 45, 52)
0...1...2...3...4...5...6...7...8...9...10	Bounce #4 added RGB(7, 9, 11)
0...1...2...3...4...5...6...7...8...9...10	Bounce #5 added RGB(1, 2, 2)
0...1...2...3...4...5...6...7...8...9...10	Bounce #6 added RGB(0, 0, 1)
Build Patch/Sample Hash Table(s).....Done<0.0012 sec>
0...1...2...3...4...5...6...7...8...9...10FinalLightFace Done
0 of 0 (0% of) surface lights went in leaf ambient cubes.
0...1...2...3...4...5...6...7...8...9...10Writing leaf ambient...done
Ready to Finish

Object names       Objects/Maxobjs  Memory / Maxmem  Fullness 
------------       ---------------  ---------------  -------- 
models                   2/1024           96/49152    ( 0.2%) 
brushes                314/8192         3768/98304    ( 3.8%) 
brushsides            3095/65536       24760/524288   ( 4.7%) 
planes                3934/65536       78680/1310720  ( 6.0%) 
vertexes              3792/65536       45504/786432   ( 5.8%) 
nodes                   55/65536        1760/2097152  ( 0.1%) 
texinfos               797/12288       57384/884736   ( 6.5%) 
texdata                  8/2048          256/65536    ( 0.4%) 
dispinfos                0/0               0/0        ( 0.0%) 
disp_verts               0/0               0/0        ( 0.0%) 
disp_tris                0/0               0/0        ( 0.0%) 
disp_lmsamples           0/0               0/0        ( 0.0%) 
faces                 2524/65536      141344/3670016  ( 3.9%) 
hdr faces                0/65536           0/3670016  ( 0.0%) 
origfaces             1777/65536       99512/3670016  ( 2.7%) 
leaves                  58/65536        1856/2097152  ( 0.1%) 
leaffaces             4476/65536        8952/131072   ( 6.8%) 
leafbrushes            868/65536        1736/131072   ( 1.3%) 
areas                    2/256            16/2048     ( 0.8%) 
surfedges            20415/512000      81660/2048000  ( 4.0%) 
edges                11058/256000      44232/1024000  ( 4.3%) 
LDR worldlights          3/8192          264/720896   ( 0.0%) 
HDR worldlights          0/8192            0/720896   ( 0.0%) 
leafwaterdata            0/32768           0/393216   ( 0.0%) 
waterstrips            345/32768        3450/327680   ( 1.1%) 
waterverts               0/65536           0/786432   ( 0.0%) 
waterindices          6321/65536       12642/131072   ( 9.6%) 
cubemapsamples           0/1024            0/16384    ( 0.0%) 
overlays                 0/512             0/180224   ( 0.0%) 
LDR lightdata         [variable]     1266572/0        ( 0.0%) 
HDR lightdata         [variable]           0/0        ( 0.0%) 
visdata               [variable]         256/16777216 ( 0.0%) 
entdata               [variable]        2097/393216   ( 0.5%) 
LDR ambient table       58/65536         232/262144   ( 0.1%) 
HDR ambient table       58/65536         232/262144   ( 0.1%) 
LDR leaf ambient        71/65536        1988/1835008  ( 0.1%) 
HDR leaf ambient        58/65536        1624/1835008  ( 0.1%) 
occluders                0/0               0/0        ( 0.0%) 
occluder polygons        0/0               0/0        ( 0.0%) 
occluder vert ind        0/0               0/0        ( 0.0%) 
detail props          [variable]           1/12       ( 8.3%) 
static props          [variable]           1/12       ( 8.3%) 
pakfile               [variable]      211665/0        ( 0.0%) 
physics               [variable]      120875/4194304  ( 2.9%) 
physics terrain       [variable]           2/1048576  ( 0.0%) 

Level flags = 0

Total triangle count: 8259
Writing d:\steam\steamapps\sourcemods\collective\mapsrc\collective_finale1.bsp
2 seconds elapsed



[Reading texlights from 'lights.rad']
[53 texlights parsed from 'lights.rad']

Loading d:\steam\steamapps\sourcemods\collective\mapsrc\collective_finale1.bsp
2524 faces
146831 square feet [21143708.00 square inches]
0 Displacements
0 Square Feet [0.00 Square Inches]
2524 patches before subdivision
10938 patches after subdivision
3 direct lights
0...1...2...3...4...5...6...7...8...9...100...1...2...3...4...5...6...7...8...9...10transfers 239109, max 351
transfer lists:   1.8 megs
0...1...2...3...4...5...6...7...8...9...10	Bounce #1 added RGB(1027, 1235, 1372)
0...1...2...3...4...5...6...7...8...9...10	Bounce #2 added RGB(188, 235, 267)
0...1...2...3...4...5...6...7...8...9...10	Bounce #3 added RGB(35, 45, 52)
0...1...2...3...4...5...6...7...8...9...10	Bounce #4 added RGB(7, 9, 11)
0...1...2...3...4...5...6...7...8...9...10	Bounce #5 added RGB(1, 2, 2)
0...1...2...3...4...5...6...7...8...9...10	Bounce #6 added RGB(0, 0, 1)
Build Patch/Sample Hash Table(s).....Done<0.0012 sec>
0...1...2...3...4...5...6...7...8...9...10FinalLightFace Done
0 of 0 (0% of) surface lights went in leaf ambient cubes.
0...1...2...3...4...5...6...7...8...9...10Writing leaf ambient...done
Ready to Finish

Object names       Objects/Maxobjs  Memory / Maxmem  Fullness 
------------       ---------------  ---------------  -------- 
models                   2/1024           96/49152    ( 0.2%) 
brushes                314/8192         3768/98304    ( 3.8%) 
brushsides            3095/65536       24760/524288   ( 4.7%) 
planes                3934/65536       78680/1310720  ( 6.0%) 
vertexes              3792/65536       45504/786432   ( 5.8%) 
nodes                   55/65536        1760/2097152  ( 0.1%) 
texinfos               797/12288       57384/884736   ( 6.5%) 
texdata                  8/2048          256/65536    ( 0.4%) 
dispinfos                0/0               0/0        ( 0.0%) 
disp_verts               0/0               0/0        ( 0.0%) 
disp_tris                0/0               0/0        ( 0.0%) 
disp_lmsamples           0/0               0/0        ( 0.0%) 
faces                 2524/65536      141344/3670016  ( 3.9%) 
hdr faces             2524/65536      141344/3670016  ( 3.9%) 
origfaces             1777/65536       99512/3670016  ( 2.7%) 
leaves                  58/65536        1856/2097152  ( 0.1%) 
leaffaces             4476/65536        8952/131072   ( 6.8%) 
leafbrushes            868/65536        1736/131072   ( 1.3%) 
areas                    2/256            16/2048     ( 0.8%) 
surfedges            20415/512000      81660/2048000  ( 4.0%) 
edges                11058/256000      44232/1024000  ( 4.3%) 
LDR worldlights          3/8192          264/720896   ( 0.0%) 
HDR worldlights          3/8192          264/720896   ( 0.0%) 
leafwaterdata            0/32768           0/393216   ( 0.0%) 
waterstrips            345/32768        3450/327680   ( 1.1%) 
waterverts               0/65536           0/786432   ( 0.0%) 
waterindices          6321/65536       12642/131072   ( 9.6%) 
cubemapsamples           0/1024            0/16384    ( 0.0%) 
overlays                 0/512             0/180224   ( 0.0%) 
LDR lightdata         [variable]     1266572/0        ( 0.0%) 
HDR lightdata         [variable]     1266572/0        ( 0.0%) 
visdata               [variable]         256/16777216 ( 0.0%) 
entdata               [variable]        2097/393216   ( 0.5%) 
LDR ambient table       58/65536         232/262144   ( 0.1%) 
HDR ambient table       58/65536         232/262144   ( 0.1%) 
LDR leaf ambient        71/65536        1988/1835008  ( 0.1%) 
HDR leaf ambient        71/65536        1988/1835008  ( 0.1%) 
occluders                0/0               0/0        ( 0.0%) 
occluder polygons        0/0               0/0        ( 0.0%) 
occluder vert ind        0/0               0/0        ( 0.0%) 
detail props          [variable]           1/12       ( 8.3%) 
static props          [variable]           1/12       ( 8.3%) 
pakfile               [variable]      211665/0        ( 0.0%) 
physics               [variable]      120875/4194304  ( 2.9%) 
physics terrain       [variable]           2/1048576  ( 0.0%) 

Level flags = 0

Total triangle count: 8259
Writing d:\steam\steamapps\sourcemods\collective\mapsrc\collective_finale1.bsp
2 seconds elapsed
