PRT1
18
44
4 0 9 (0 0 1394.590088 ) (0 0 2304 ) (0 1024 2304 ) (0 1024 1394.590088 ) 
4 0 3 (0 0 1394.590088 ) (0 333.414001 1394.590088 ) (384 333.414001 1394.590088 ) (384 0 1394.590088 ) 
4 0 1 (0 704 1394.590088 ) (0 1024 1394.590088 ) (384 1024 1394.590088 ) (384 704 1394.590088 ) 
4 0 2 (0 397.414001 1394.590088 ) (0 640 1394.590088 ) (384 640 1394.590088 ) (384 397.414001 1394.590088 ) 
4 1 10 (0 704 1394.590088 ) (0 1024 1394.590088 ) (0 1024 978.586060 ) (0 704 978.586060 ) 
4 1 5 (0 1024 978.586060 ) (168 1024 978.586060 ) (168 704 978.586060 ) (0 704 978.586060 ) 
4 1 4 (168 1024 978.586060 ) (384 1024 978.586060 ) (384 704 978.586060 ) (168 704 978.586060 ) 
4 2 11 (0 397.414001 1394.590088 ) (0 640 1394.590088 ) (0 640 978.586060 ) (0 397.414001 978.586060 ) 
4 2 6 (168 397.414001 978.586060 ) (0 397.414001 978.586060 ) (0 589.414001 978.586060 ) (168 589.414001 978.586060 ) 
4 2 5 (0 589.414001 978.586060 ) (0 640 978.586060 ) (168 640 978.586060 ) (168 589.414001 978.586060 ) 
4 2 4 (384 640 978.586060 ) (384 397.414001 978.586060 ) (168 397.414001 978.586060 ) (168 640 978.586060 ) 
4 3 12 (0 0 978.586060 ) (0 0 1394.590088 ) (0 333.414001 1394.590088 ) (0 333.414001 978.586060 ) 
4 3 8 (168 0 978.586060 ) (0 0 978.586060 ) (0 333.414001 978.586060 ) (168 333.414001 978.586060 ) 
4 3 4 (384 333.414001 978.586060 ) (384 0 978.586060 ) (168 0 978.586060 ) (168 333.414001 978.586060 ) 
4 4 6 (168 333.414001 -1069.410034 ) (168 333.414001 978.586060 ) (168 589.414001 978.586060 ) (168 589.414001 -1069.410034 ) 
4 4 7 (168 589.414001 -1280 ) (168 333.414001 -1280 ) (168 333.414001 -1101.410034 ) (168 589.414001 -1101.410034 ) 
4 4 5 (168 1024 -1280 ) (168 589.414001 -1280 ) (168 589.414001 978.586060 ) (168 1024 978.586060 ) 
4 4 8 (168 333.414001 -1280 ) (168 0 -1280 ) (168 0 978.586060 ) (168 333.414001 978.586060 ) 
4 5 13 (0 589.414001 978.586060 ) (0 1024 978.586060 ) (0 1024 -1280 ) (0 589.414001 -1280 ) 
4 5 6 (168 589.414001 -1069.410034 ) (168 589.414001 978.586060 ) (0 589.414001 978.586060 ) (0 589.414001 -1069.410034 ) 
4 5 7 (0 589.414001 -1280 ) (168 589.414001 -1280 ) (168 589.414001 -1101.410034 ) (0 589.414001 -1101.410034 ) 
4 6 14 (0 333.414001 978.586060 ) (0 589.414001 978.586060 ) (0 589.414001 -1069.410034 ) (0 333.414001 -1069.410034 ) 
4 6 8 (168 333.414001 -1069.410034 ) (168 333.414001 978.586060 ) (0 333.414001 978.586060 ) (0 333.414001 -1069.410034 ) 
4 7 15 (0 589.414001 -1101.410034 ) (0 589.414001 -1280 ) (0 333.414001 -1280 ) (0 333.414001 -1101.410034 ) 
4 7 8 (0 333.414001 -1280 ) (168 333.414001 -1280 ) (168 333.414001 -1101.410034 ) (0 333.414001 -1101.410034 ) 
4 8 16 (0 0 -1280 ) (0 0 978.586060 ) (0 333.414001 978.586060 ) (0 333.414001 -1280 ) 
4 9 12 (-192 0 1394.590088 ) (-192 333.414001 1394.590088 ) (0 333.414001 1394.590088 ) (0 0 1394.590088 ) 
4 9 10 (-192 704 1394.590088 ) (-192 1024 1394.590088 ) (0 1024 1394.590088 ) (0 704 1394.590088 ) 
4 9 11 (-192 397.414001 1394.590088 ) (-192 640 1394.590088 ) (0 640 1394.590088 ) (0 397.414001 1394.590088 ) 
4 10 13 (-64 1024 978.586060 ) (0 1024 978.586060 ) (0 704 978.586060 ) (-64 704 978.586060 ) 
4 10 17 (-192 704 978.586060 ) (-192 1024 978.586060 ) (-64 1024 978.586060 ) (-64 704 978.586060 ) 
4 11 14 (0 589.414001 978.586060 ) (0 397.414001 978.586060 ) (-64 397.414001 978.586060 ) (-64 589.414001 978.586060 ) 
4 11 13 (-64 640 978.586060 ) (0 640 978.586060 ) (0 589.414001 978.586060 ) (-64 589.414001 978.586060 ) 
4 11 17 (-192 397.414001 978.586060 ) (-192 640 978.586060 ) (-64 640 978.586060 ) (-64 397.414001 978.586060 ) 
4 12 16 (0 0 978.586060 ) (-64 0 978.586060 ) (-64 333.414001 978.586060 ) (0 333.414001 978.586060 ) 
4 12 17 (-64 0 978.586060 ) (-192 0 978.586060 ) (-192 333.414001 978.586060 ) (-64 333.414001 978.586060 ) 
4 13 14 (-64 589.414001 978.586060 ) (-64 589.414001 -1069.410034 ) (0 589.414001 -1069.410034 ) (0 589.414001 978.586060 ) 
4 13 15 (-64 589.414001 -1101.410034 ) (-64 589.414001 -1280 ) (0 589.414001 -1280 ) (0 589.414001 -1101.410034 ) 
4 13 17 (-64 1024 -1280 ) (-64 589.414001 -1280 ) (-64 589.414001 978.586060 ) (-64 1024 978.586060 ) 
4 14 16 (-64 333.414001 978.586060 ) (-64 333.414001 -1069.410034 ) (0 333.414001 -1069.410034 ) (0 333.414001 978.586060 ) 
4 14 17 (-64 333.414001 -1069.410034 ) (-64 333.414001 978.586060 ) (-64 589.414001 978.586060 ) (-64 589.414001 -1069.410034 ) 
4 15 17 (-64 589.414001 -1280 ) (-64 333.414001 -1280 ) (-64 333.414001 -1101.410034 ) (-64 589.414001 -1101.410034 ) 
4 15 16 (-64 333.414001 -1101.410034 ) (-64 333.414001 -1280 ) (0 333.414001 -1280 ) (0 333.414001 -1101.410034 ) 
4 16 17 (-64 333.414001 -1280 ) (-64 0 -1280 ) (-64 0 978.586060 ) (-64 333.414001 978.586060 ) 
